<?xml version="1.0" encoding="UTF-8"?>
<!-- Generated by org.testng.reporters.JUnitXMLReporter -->
<testsuite ignored="0" hostname="selvapathy-PC" failures="0" tests="4" name="Default test" time="78.362" errors="0" timestamp="2021-08-12T09:44:39 IST">
  <testcase classname="com.tradeviv.build.userStorySeven" name="baseTest" time="9.311"/>
  <testcase classname="com.tradeviv.build.userStorySeven" name="userStory_07" time="14.068"/>
  <testcase classname="com.tradeviv.build.userStorySeven" name="userStory_08" time="5.377"/>
  <testcase classname="com.tradeviv.build.userStorySeven" name="userStory_09" time="49.548"/>
</testsuite> <!-- Default test -->
