<?xml version="1.0" encoding="UTF-8"?>
<testng-results ignored="0" total="1" passed="0" failed="1" skipped="0">
  <reporter-output>
  </reporter-output>
  <suite started-at="2021-11-03T17:23:57 IST" name="Default suite" finished-at="2021-11-03T17:24:00 IST" duration-ms="3181">
    <groups>
      <group name="cucumber">
        <method signature="AbstractTestNGCucumberTests.runScenario(io.cucumber.testng.PickleWrapper,io.cucumber.testng.FeatureWrapper)[pri:0, instance:com.runner.sample.Runner@5158b42f]" name="runScenario" class="io.cucumber.testng.AbstractTestNGCucumberTests"/>
      </group> <!-- cucumber -->
    </groups>
    <test started-at="2021-11-03T17:23:57 IST" name="Default test" finished-at="2021-11-03T17:24:00 IST" duration-ms="3181">
      <class name="com.runner.sample.Runner">
        <test-method is-config="true" signature="setUpClass()[pri:0, instance:com.runner.sample.Runner@5158b42f]" started-at="2021-11-03T17:23:57 IST" name="setUpClass" finished-at="2021-11-03T17:23:57 IST" duration-ms="416" status="PASS">
          <reporter-output>
          </reporter-output>
        </test-method> <!-- setUpClass -->
        <test-method signature="runScenario(io.cucumber.testng.PickleWrapper,io.cucumber.testng.FeatureWrapper)[pri:0, instance:com.runner.sample.Runner@5158b42f]" started-at="2021-11-03T17:23:57 IST" name="runScenario" description="Runs Cucumber Scenarios" data-provider="scenarios" finished-at="2021-11-03T17:24:00 IST" duration-ms="2690" status="FAIL">
          <params>
            <param index="0">
              <value>
                <![CDATA["Successful Login with Valid Credentials"]]>
              </value>
            </param>
            <param index="1">
              <value>
                <![CDATA["Optional[Login Action]"]]>
              </value>
            </param>
          </params>
          <exception class="org.openqa.selenium.SessionNotCreatedException">
            <message>
              <![CDATA[session not created: This version of ChromeDriver only supports Chrome version 91
Current browser version is 95.0.4638.69 with binary path C:\Program Files (x86)\Google\Chrome\Application\chrome.exe
Build info: version: '3.141.59', revision: 'e82be7d358', time: '2018-11-14T08:17:03'
System info: host: 'SELVAPATHY-PC', ip: '192.168.225.20', os.name: 'Windows 7', os.arch: 'amd64', os.version: '6.1', java.version: '16'
Driver info: driver.version: ChromeDriver
remote stacktrace: Backtrace:
Ordinal0 [0x00D62DB3+2502067]
Ordinal0 [0x00CFC5B1+2082225]
Ordinal0 [0x00C02498+1057944]
Ordinal0 [0x00C205DA+1181146]
Ordinal0 [0x00C1C43C+1164348]
Ordinal0 [0x00C19C73+1154163]
Ordinal0 [0x00C49A22+1350178]
Ordinal0 [0x00C4967A+1349242]
Ordinal0 [0x00C45BEB+1334251]
Ordinal0 [0x00C22174+1188212]
Ordinal0 [0x00C23009+1191945]
GetHandleVerifier [0x00EDEC5C+1511084]
GetHandleVerifier [0x00F88522+2205554]
GetHandleVerifier [0x00DE3393+480739]
GetHandleVerifier [0x00DE2579+477129]
Ordinal0 [0x00D01E5D+2104925]
Ordinal0 [0x00D063F8+2122744]
Ordinal0 [0x00D06537+2123063]
Ordinal0 [0x00D0EE53+2158163]
BaseThreadInitThunk [0x75E2338A+18]
RtlInitializeExceptionChain [0x77899902+99]
RtlInitializeExceptionChain [0x778998D5+54]
]]>
            </message>
            <full-stacktrace>
              <![CDATA[org.openqa.selenium.SessionNotCreatedException: session not created: This version of ChromeDriver only supports Chrome version 91
Current browser version is 95.0.4638.69 with binary path C:\Program Files (x86)\Google\Chrome\Application\chrome.exe
Build info: version: '3.141.59', revision: 'e82be7d358', time: '2018-11-14T08:17:03'
System info: host: 'SELVAPATHY-PC', ip: '192.168.225.20', os.name: 'Windows 7', os.arch: 'amd64', os.version: '6.1', java.version: '16'
Driver info: driver.version: ChromeDriver
remote stacktrace: Backtrace:
Ordinal0 [0x00D62DB3+2502067]
Ordinal0 [0x00CFC5B1+2082225]
Ordinal0 [0x00C02498+1057944]
Ordinal0 [0x00C205DA+1181146]
Ordinal0 [0x00C1C43C+1164348]
Ordinal0 [0x00C19C73+1154163]
Ordinal0 [0x00C49A22+1350178]
Ordinal0 [0x00C4967A+1349242]
Ordinal0 [0x00C45BEB+1334251]
Ordinal0 [0x00C22174+1188212]
Ordinal0 [0x00C23009+1191945]
GetHandleVerifier [0x00EDEC5C+1511084]
GetHandleVerifier [0x00F88522+2205554]
GetHandleVerifier [0x00DE3393+480739]
GetHandleVerifier [0x00DE2579+477129]
Ordinal0 [0x00D01E5D+2104925]
Ordinal0 [0x00D063F8+2122744]
Ordinal0 [0x00D06537+2123063]
Ordinal0 [0x00D0EE53+2158163]
BaseThreadInitThunk [0x75E2338A+18]
RtlInitializeExceptionChain [0x77899902+99]
RtlInitializeExceptionChain [0x778998D5+54]

at java.base/jdk.internal.reflect.NativeConstructorAccessorImpl.newInstance0(Native Method)
at java.base/jdk.internal.reflect.NativeConstructorAccessorImpl.newInstance(NativeConstructorAccessorImpl.java:78)
at java.base/jdk.internal.reflect.DelegatingConstructorAccessorImpl.newInstance(DelegatingConstructorAccessorImpl.java:45)
at java.base/java.lang.reflect.Constructor.newInstanceWithCaller(Constructor.java:499)
at java.base/java.lang.reflect.Constructor.newInstance(Constructor.java:480)
at org.openqa.selenium.remote.W3CHandshakeResponse.lambda$errorHandler$0(W3CHandshakeResponse.java:62)
at org.openqa.selenium.remote.HandshakeResponse.lambda$getResponseFunction$0(HandshakeResponse.java:30)
at org.openqa.selenium.remote.ProtocolHandshake.lambda$createSession$0(ProtocolHandshake.java:126)
at java.base/java.util.stream.ReferencePipeline$3$1.accept(ReferencePipeline.java:197)
at java.base/java.util.Spliterators$ArraySpliterator.tryAdvance(Spliterators.java:958)
at java.base/java.util.stream.ReferencePipeline.forEachWithCancel(ReferencePipeline.java:129)
at java.base/java.util.stream.AbstractPipeline.copyIntoWithCancel(AbstractPipeline.java:502)
at java.base/java.util.stream.AbstractPipeline.copyInto(AbstractPipeline.java:488)
at java.base/java.util.stream.AbstractPipeline.wrapAndCopyInto(AbstractPipeline.java:474)
at java.base/java.util.stream.FindOps$FindOp.evaluateSequential(FindOps.java:150)
at java.base/java.util.stream.AbstractPipeline.evaluate(AbstractPipeline.java:234)
at java.base/java.util.stream.ReferencePipeline.findFirst(ReferencePipeline.java:647)
at org.openqa.selenium.remote.ProtocolHandshake.createSession(ProtocolHandshake.java:128)
at org.openqa.selenium.remote.ProtocolHandshake.createSession(ProtocolHandshake.java:74)
at org.openqa.selenium.remote.HttpCommandExecutor.execute(HttpCommandExecutor.java:136)
at org.openqa.selenium.remote.service.DriverCommandExecutor.execute(DriverCommandExecutor.java:83)
at org.openqa.selenium.remote.RemoteWebDriver.execute(RemoteWebDriver.java:552)
at org.openqa.selenium.remote.RemoteWebDriver.startSession(RemoteWebDriver.java:213)
at org.openqa.selenium.remote.RemoteWebDriver.<init>(RemoteWebDriver.java:131)
at org.openqa.selenium.chrome.ChromeDriver.<init>(ChromeDriver.java:181)
at org.openqa.selenium.chrome.ChromeDriver.<init>(ChromeDriver.java:168)
at org.openqa.selenium.chrome.ChromeDriver.<init>(ChromeDriver.java:123)
at com.stepDef.example.Login.user_is_on_home_page(Login.java:53)
at ✽.User is on Home Page(file:///C:/Users/selvapathy/Desktop/javaclass/exampleCucumber/./Features/Login.feature:6)
]]>
            </full-stacktrace>
          </exception> <!-- org.openqa.selenium.SessionNotCreatedException -->
          <reporter-output>
          </reporter-output>
        </test-method> <!-- runScenario -->
        <test-method is-config="true" signature="tearDownClass()[pri:0, instance:com.runner.sample.Runner@5158b42f]" started-at="2021-11-03T17:24:00 IST" name="tearDownClass" finished-at="2021-11-03T17:24:00 IST" duration-ms="18" status="PASS">
          <reporter-output>
          </reporter-output>
        </test-method> <!-- tearDownClass -->
      </class> <!-- com.runner.sample.Runner -->
    </test> <!-- Default test -->
  </suite> <!-- Default suite -->
</testng-results>
